<?xml version="1.0" encoding="UTF-8"?>
<testng-results ignored="0" total="1" passed="1" failed="0" skipped="0">
  <reporter-output>
  </reporter-output>
  <suite started-at="2022-05-11T13:16:57 PDT" name="Default suite" finished-at="2022-05-11T13:17:04 PDT" duration-ms="6876">
    <groups>
      <group name="all">
        <method signature="AlertPopUpHandle.setUp()[pri:0, instance:LaunchGoogle.AlertPopUpHandle@505fc5a4]" name="setUp" class="LaunchGoogle.AlertPopUpHandle"/>
      </group> <!-- all -->
    </groups>
    <test started-at="2022-05-11T13:16:57 PDT" name="Default test" finished-at="2022-05-11T13:17:04 PDT" duration-ms="6876">
      <class name="LaunchGoogle.AlertPopUpHandle">
        <test-method signature="setUp()[pri:0, instance:LaunchGoogle.AlertPopUpHandle@505fc5a4]" started-at="2022-05-11T13:16:57 PDT" name="setUp" finished-at="2022-05-11T13:17:04 PDT" duration-ms="6837" status="PASS">
          <reporter-output>
          </reporter-output>
        </test-method> <!-- setUp -->
      </class> <!-- LaunchGoogle.AlertPopUpHandle -->
    </test> <!-- Default test -->
  </suite> <!-- Default suite -->
</testng-results>
